<?xml version="1.0" encoding="UTF-8"?>
<!-- Generated by org.testng.reporters.JUnitReportReporter -->
<testsuite skipped="0" hostname="SAI10" name="confirmationsRuleMailer.SubscriptionDowngrade" tests="3" failures="0" timestamp="01 Jun 2017 09:24:54 GMT" time="196.416" errors="0">
  <testcase name="selectingSameSubscriptionToUpgrade" time="46.680" classname="confirmationsRuleMailer.SubscriptionDowngrade"/>
  <testcase name="subscriptionDowngrade" time="45.824" classname="confirmationsRuleMailer.SubscriptionDowngrade"/>
  <testcase name="checkingCancelButtons" time="103.912" classname="confirmationsRuleMailer.SubscriptionDowngrade"/>
</testsuite> <!-- confirmationsRuleMailer.SubscriptionDowngrade -->
