<?xml version="1.0" encoding="UTF-8"?>
<!-- Generated by org.testng.reporters.JUnitReportReporter -->
<testsuite skipped="0" hostname="SAI10" name="confirmationsRuleMailer.SubscriptionUpdate" tests="1" failures="0" timestamp="25 Apr 2017 06:14:09 GMT" time="27.325" errors="0">
  <testcase name="subscriptionUpgradeTC100301" time="27.325" classname="confirmationsRuleMailer.SubscriptionUpdate"/>
</testsuite> <!-- confirmationsRuleMailer.SubscriptionUpdate -->
