<?xml version="1.0" encoding="UTF-8"?>
<!-- Generated by org.testng.reporters.JUnitReportReporter -->
<testsuite skipped="0" hostname="SAI10" name="postRegistrationRuleMailer.SurpriseDelight" tests="1" failures="0" timestamp="05 May 2017 08:41:34 GMT" time="3.483" errors="0">
  <testcase name="SurpriseDelightTC080201" time="3.483" classname="postRegistrationRuleMailer.SurpriseDelight"/>
</testsuite> <!-- postRegistrationRuleMailer.SurpriseDelight -->
