<?xml version="1.0" encoding="UTF-8"?>
<!-- Generated by org.testng.reporters.JUnitReportReporter -->
<testsuite skipped="2" hostname="SAI10" name="confirmationsRuleMailer.CardUpdatedExpiry" tests="2" failures="0" timestamp="16 Aug 2017 05:30:24 GMT" time="0.000" errors="0">
  <testcase name="cardUpdatedExpiry" time="0.000" classname="confirmationsRuleMailer.CardUpdatedExpiry">
    <skipped/>
  </testcase> <!-- cardUpdatedExpiry -->
  <testcase name="negativeFlows" time="0.000" classname="confirmationsRuleMailer.CardUpdatedExpiry">
    <skipped/>
  </testcase> <!-- negativeFlows -->
</testsuite> <!-- confirmationsRuleMailer.CardUpdatedExpiry -->
