<?xml version="1.0" encoding="UTF-8"?>
<!-- Generated by org.testng.reporters.JUnitReportReporter -->
<testsuite skipped="0" hostname="SAI10" name="confirmationsRuleMailer.CardUpdatedExpiry" tests="2" failures="0" timestamp="20 Jun 2017 08:14:55 GMT" time="163.220" errors="0">
  <testcase name="cardUpdatedExpiry" time="76.004" classname="confirmationsRuleMailer.CardUpdatedExpiry"/>
  <testcase name="negativeFlows" time="87.216" classname="confirmationsRuleMailer.CardUpdatedExpiry"/>
</testsuite> <!-- confirmationsRuleMailer.CardUpdatedExpiry -->
