<?xml version="1.0" encoding="UTF-8"?>
<!-- Generated by org.testng.reporters.JUnitReportReporter -->
<testsuite skipped="0" hostname="SAI10" name="confirmationsRuleMailer.FreeCampaignMember" tests="4" failures="0" timestamp="09 May 2017 07:35:22 GMT" time="395.211" errors="0">
  <testcase name="freeCampaignMemberExistingUser" time="85.324" classname="confirmationsRuleMailer.FreeCampaignMember"/>
  <testcase name="freeCampaignMemberNewUserBas" time="147.937" classname="confirmationsRuleMailer.FreeCampaignMember"/>
  <testcase name="freeCampaignMemberNewUserStandard" time="87.824" classname="confirmationsRuleMailer.FreeCampaignMember"/>
  <testcase name="freeCampaignMemberNewUserPremium" time="74.126" classname="confirmationsRuleMailer.FreeCampaignMember"/>
</testsuite> <!-- confirmationsRuleMailer.FreeCampaignMember -->
