<?xml version="1.0" encoding="UTF-8"?>
<!-- Generated by org.testng.reporters.JUnitReportReporter -->
<testsuite skipped="0" hostname="SAI10" name="registrationFlows.RedeemFreeCampaignMember" tests="4" failures="0" timestamp="30 May 2017 18:33:04 GMT" time="302.918" errors="0">
  <testcase name="freeCampaignMemberNewUserBas" time="82.849" classname="registrationFlows.RedeemFreeCampaignMember"/>
  <testcase name="freeCampaignMemberNewUserStandard" time="76.189" classname="registrationFlows.RedeemFreeCampaignMember"/>
  <testcase name="freeCampaignMemberNewUserPremium" time="64.844" classname="registrationFlows.RedeemFreeCampaignMember"/>
  <testcase name="freeCampaignMemberExistingUser" time="79.036" classname="registrationFlows.RedeemFreeCampaignMember"/>
</testsuite> <!-- registrationFlows.RedeemFreeCampaignMember -->
