<?xml version="1.0" encoding="UTF-8"?>
<!-- Generated by org.testng.reporters.JUnitReportReporter -->
<testsuite skipped="9" hostname="SAI10" name="registrationFlows.PurchaseGiftCards" tests="9" failures="0" timestamp="16 Aug 2017 05:30:24 GMT" time="0.001" errors="0">
  <testcase name="giftCardPurchaseNewUserOneManad" time="0.000" classname="registrationFlows.PurchaseGiftCards">
    <skipped/>
  </testcase> <!-- giftCardPurchaseNewUserOneManad -->
  <testcase name="giftCardPurchaseNewUserThreeManad" time="0.000" classname="registrationFlows.PurchaseGiftCards">
    <skipped/>
  </testcase> <!-- giftCardPurchaseNewUserThreeManad -->
  <testcase name="giftCardPurchaseNewUserSixManad" time="0.000" classname="registrationFlows.PurchaseGiftCards">
    <skipped/>
  </testcase> <!-- giftCardPurchaseNewUserSixManad -->
  <testcase name="oneMonthGiftCardPurchaseExistingUser" time="0.001" classname="registrationFlows.PurchaseGiftCards">
    <skipped/>
  </testcase> <!-- oneMonthGiftCardPurchaseExistingUser -->
  <testcase name="threeMonthGiftCardPurchaseExistingUser" time="0.000" classname="registrationFlows.PurchaseGiftCards">
    <skipped/>
  </testcase> <!-- threeMonthGiftCardPurchaseExistingUser -->
  <testcase name="sixMonthGiftCardPurchaseExistingUser" time="0.000" classname="registrationFlows.PurchaseGiftCards">
    <skipped/>
  </testcase> <!-- sixMonthGiftCardPurchaseExistingUser -->
  <testcase name="invalidInputsNewUserPurchase" time="0.000" classname="registrationFlows.PurchaseGiftCards">
    <skipped/>
  </testcase> <!-- invalidInputsNewUserPurchase -->
  <testcase name="checkingCancelButtons" time="0.000" classname="registrationFlows.PurchaseGiftCards">
    <skipped/>
  </testcase> <!-- checkingCancelButtons -->
  <testcase name="invalidInputsExisitingUserPurchase" time="0.000" classname="registrationFlows.PurchaseGiftCards">
    <skipped/>
  </testcase> <!-- invalidInputsExisitingUserPurchase -->
</testsuite> <!-- registrationFlows.PurchaseGiftCards -->
