<?xml version="1.0" encoding="UTF-8"?>
<!-- Generated by org.testng.reporters.JUnitReportReporter -->
<testsuite skipped="0" hostname="SAI10" name="giftCardsRuleMailer.OrderConfirmation" tests="2" failures="0" timestamp="27 Apr 2017 06:58:47 GMT" time="64.944" errors="0">
  <testcase name="GiftCardOrderConfirmationNewUser" time="30.055" classname="giftCardsRuleMailer.OrderConfirmation"/>
  <testcase name="GiftCardOrderConfirmationExistingUser" time="34.889" classname="giftCardsRuleMailer.OrderConfirmation"/>
</testsuite> <!-- giftCardsRuleMailer.OrderConfirmation -->
