<?xml version="1.0" encoding="UTF-8"?>
<!-- Generated by org.testng.reporters.JUnitReportReporter -->
<testsuite skipped="0" hostname="SAI10" name="confirmationsRuleMailer.SubscriptionUpgrade" tests="1" failures="0" timestamp="20 Jun 2017 09:11:50 GMT" time="93.373" errors="0">
  <testcase name="checkingCancelButtons" time="93.373" classname="confirmationsRuleMailer.SubscriptionUpgrade"/>
</testsuite> <!-- confirmationsRuleMailer.SubscriptionUpgrade -->
