<?xml version="1.0" encoding="UTF-8"?>
<!-- Generated by org.testng.reporters.JUnitReportReporter -->
<testsuite skipped="1" hostname="SAI10" name="confirmationsRuleMailer.ChurnFreeTrialCampaignMember" tests="2" failures="0" timestamp="30 May 2017 09:58:48 GMT" time="67.821" errors="0">
  <testcase name="churnFreeTrialCampaignMemberNoSelection" time="67.821" classname="confirmationsRuleMailer.ChurnFreeTrialCampaignMember"/>
  <testcase name="churnFreeTrialCampaignMember" classname="confirmationsRuleMailer.ChurnFreeTrialCampaignMember">
    <skipped/>
  </testcase> <!-- churnFreeTrialCampaignMember -->
</testsuite> <!-- confirmationsRuleMailer.ChurnFreeTrialCampaignMember -->
