<?xml version="1.0" encoding="UTF-8"?>
<!-- Generated by org.testng.reporters.JUnitReportReporter -->
<testsuite skipped="0" hostname="SAI10" name="confirmationsRuleMailer.WelcomeBackNoOffer" tests="3" failures="0" timestamp="30 May 2017 18:33:04 GMT" time="212.825" errors="0">
  <testcase name="welcomeBackNoOfferBas" time="75.516" classname="confirmationsRuleMailer.WelcomeBackNoOffer"/>
  <testcase name="welcomeBackNoOfferStandard" time="67.382" classname="confirmationsRuleMailer.WelcomeBackNoOffer"/>
  <testcase name="welcomeBackNoOfferPremium" time="69.927" classname="confirmationsRuleMailer.WelcomeBackNoOffer"/>
</testsuite> <!-- confirmationsRuleMailer.WelcomeBackNoOffer -->
