<?xml version="1.0" encoding="UTF-8"?>
<!-- Generated by org.testng.reporters.JUnitReportReporter -->
<testsuite skipped="0" hostname="SAI10" name="Confirmations.WelcomeBackNoOffer" tests="1" failures="0" timestamp="21 Apr 2017 09:02:33 GMT" time="18.878" errors="0">
  <testcase name="WelcomeBackNoOfferTC100101" time="18.878" classname="Confirmations.WelcomeBackNoOffer"/>
</testsuite> <!-- Confirmations.WelcomeBackNoOffer -->
