<?xml version="1.0" encoding="UTF-8"?>
<!-- Generated by org.testng.reporters.JUnitReportReporter -->
<testsuite skipped="0" hostname="SAI10" name="confirmationsRuleMailer.WelcomeBackNoOffer" tests="4" failures="0" timestamp="04 Sep 2017 06:55:05 GMT" time="314.582" errors="0">
  <testcase name="welcomeBackNoOfferSilver" time="72.415" classname="confirmationsRuleMailer.WelcomeBackNoOffer"/>
  <testcase name="welcomeBackNoOfferGuld" time="74.619" classname="confirmationsRuleMailer.WelcomeBackNoOffer"/>
  <testcase name="welcomeBackNoOfferPremium" time="70.864" classname="confirmationsRuleMailer.WelcomeBackNoOffer"/>
  <testcase name="WelcomeBackNegativeFlows" time="96.684" classname="confirmationsRuleMailer.WelcomeBackNoOffer"/>
</testsuite> <!-- confirmationsRuleMailer.WelcomeBackNoOffer -->
