<?xml version="1.0" encoding="UTF-8"?>
<!-- Generated by org.testng.reporters.JUnitReportReporter -->
<testsuite skipped="0" hostname="SAI10" name="confirmationsRuleMailer.ForgotPassword" tests="3" failures="0" timestamp="20 Jun 2017 08:14:55 GMT" time="119.979" errors="0">
  <testcase name="forgotPasswordTC101001" time="35.107" classname="confirmationsRuleMailer.ForgotPassword"/>
  <testcase name="forgotPasswordBlankEmail" time="34.006" classname="confirmationsRuleMailer.ForgotPassword"/>
  <testcase name="forgotPasswordWrongEmail" time="50.866" classname="confirmationsRuleMailer.ForgotPassword"/>
</testsuite> <!-- confirmationsRuleMailer.ForgotPassword -->
