<?xml version="1.0" encoding="UTF-8"?>
<!-- Generated by org.testng.reporters.JUnitReportReporter -->
<testsuite skipped="0" hostname="SAI10" name="confirmationsRuleMailer.CardUpdatedExpiry" tests="1" failures="0" timestamp="30 May 2017 18:33:04 GMT" time="58.742" errors="0">
  <testcase name="cardUpdatedExpiry" time="58.742" classname="confirmationsRuleMailer.CardUpdatedExpiry"/>
</testsuite> <!-- confirmationsRuleMailer.CardUpdatedExpiry -->
