<?xml version="1.0" encoding="UTF-8"?>
<!-- Generated by org.testng.reporters.JUnitReportReporter -->
<testsuite skipped="0" hostname="SAI10" name="postRegistrationRuleMailer.Welcome" tests="4" failures="0" timestamp="20 Jun 2017 08:14:55 GMT" time="614.615" errors="0">
  <testcase name="welcomeBasSubscription" time="81.869" classname="postRegistrationRuleMailer.Welcome"/>
  <testcase name="welcomeStandardSubscription" time="75.126" classname="postRegistrationRuleMailer.Welcome"/>
  <testcase name="welcomePremiumSubscription" time="78.806" classname="postRegistrationRuleMailer.Welcome"/>
  <testcase name="negativeFreeTrialRegistration" time="378.814" classname="postRegistrationRuleMailer.Welcome"/>
</testsuite> <!-- postRegistrationRuleMailer.Welcome -->
