<?xml version="1.0" encoding="UTF-8"?>
<!-- Generated by org.testng.reporters.JUnitReportReporter -->
<testsuite skipped="1" hostname="SAI10" name="registrationFlows.RedeemFreeCampaignMember" tests="5" failures="0" timestamp="20 Jun 2017 08:14:55 GMT" time="311.153" errors="0">
  <testcase name="freeCampaignMemberNewUserBas" time="78.487" classname="registrationFlows.RedeemFreeCampaignMember"/>
  <testcase name="freeCampaignMemberNewUserStandard" time="75.488" classname="registrationFlows.RedeemFreeCampaignMember"/>
  <testcase name="freeCampaignMemberNewUserPremium" time="77.211" classname="registrationFlows.RedeemFreeCampaignMember"/>
  <testcase name="freeCampaignMemberExistingUser" time="79.967" classname="registrationFlows.RedeemFreeCampaignMember"/>
  <testcase name="redeemCampaignInvalidInputs" classname="registrationFlows.RedeemFreeCampaignMember">
    <skipped/>
  </testcase> <!-- redeemCampaignInvalidInputs -->
</testsuite> <!-- registrationFlows.RedeemFreeCampaignMember -->
