<?xml version="1.0" encoding="UTF-8"?>
<!-- Generated by org.testng.reporters.JUnitReportReporter -->
<testsuite skipped="0" hostname="SAI10" name="registrationFlows.PurchaseGiftCards" tests="6" failures="0" timestamp="30 May 2017 18:33:04 GMT" time="396.816" errors="0">
  <testcase name="giftCardPurchaseNewUserOneManad" time="46.554" classname="registrationFlows.PurchaseGiftCards"/>
  <testcase name="giftCardPurchaseNewUserThreeManad" time="37.958" classname="registrationFlows.PurchaseGiftCards"/>
  <testcase name="giftCardPurchaseNewUserSixManad" time="38.265" classname="registrationFlows.PurchaseGiftCards"/>
  <testcase name="oneMonthGiftCardPurchaseExistingUser" time="76.062" classname="registrationFlows.PurchaseGiftCards"/>
  <testcase name="threeMonthGiftCardPurchaseExistingUser" time="76.032" classname="registrationFlows.PurchaseGiftCards"/>
  <testcase name="sixMonthGiftCardPurchaseExistingUser" time="121.945" classname="registrationFlows.PurchaseGiftCards"/>
</testsuite> <!-- registrationFlows.PurchaseGiftCards -->
