<?xml version="1.0" encoding="UTF-8"?>
<!-- Generated by org.testng.reporters.JUnitReportReporter -->
<testsuite skipped="0" hostname="SAI10" name="confirmationsRuleMailer.ChurnFreeTrialCampaignMember" tests="2" failures="0" timestamp="20 Jun 2017 08:14:55 GMT" time="172.724" errors="0">
  <testcase name="churnFreeTrialCampaignMember" time="82.740" classname="confirmationsRuleMailer.ChurnFreeTrialCampaignMember"/>
  <testcase name="churnFreeTrialCampaignMemberNoSelection" time="89.984" classname="confirmationsRuleMailer.ChurnFreeTrialCampaignMember"/>
</testsuite> <!-- confirmationsRuleMailer.ChurnFreeTrialCampaignMember -->
