<?xml version="1.0" encoding="UTF-8"?>
<!-- Generated by org.testng.reporters.JUnitReportReporter -->
<testsuite skipped="0" hostname="SAI10" name="confirmationsRuleMailer.WelcomeBackNoOffer" tests="1" failures="0" timestamp="20 Jun 2017 09:11:50 GMT" time="106.169" errors="0">
  <testcase name="welcomeBackNoOfferBas" time="106.169" classname="confirmationsRuleMailer.WelcomeBackNoOffer"/>
</testsuite> <!-- confirmationsRuleMailer.WelcomeBackNoOffer -->
