<?xml version="1.0" encoding="UTF-8"?>
<!-- Generated by org.testng.reporters.JUnitReportReporter -->
<testsuite skipped="0" hostname="SAI10" name="registrationFlows.PurchaseGiftCards" tests="2" failures="0" timestamp="20 Jun 2017 09:11:50 GMT" time="143.888" errors="0">
  <testcase name="giftCardPurchaseNewUserOneManad" time="73.623" classname="registrationFlows.PurchaseGiftCards"/>
  <testcase name="giftCardPurchaseNewUserThreeManad" time="70.265" classname="registrationFlows.PurchaseGiftCards"/>
</testsuite> <!-- registrationFlows.PurchaseGiftCards -->
