<?xml version="1.0" encoding="UTF-8"?>
<!-- Generated by org.testng.reporters.JUnitReportReporter -->
<testsuite skipped="2" hostname="SAI10" name="confirmationsRuleMailer.ChurnPayingMember" tests="3" failures="0" timestamp="30 May 2017 18:33:04 GMT" time="51.559" errors="0">
  <testcase name="churnPayingMemberNoSelection" time="51.559" classname="confirmationsRuleMailer.ChurnPayingMember"/>
  <testcase name="churnPayingMemberTC100601" classname="confirmationsRuleMailer.ChurnPayingMember">
    <skipped/>
  </testcase> <!-- churnPayingMemberTC100601 -->
  <testcase name="churnPayingMemberTC100602" classname="confirmationsRuleMailer.ChurnPayingMember">
    <skipped/>
  </testcase> <!-- churnPayingMemberTC100602 -->
</testsuite> <!-- confirmationsRuleMailer.ChurnPayingMember -->
