<?xml version="1.0" encoding="UTF-8"?>
<!-- Generated by org.testng.reporters.JUnitReportReporter -->
<testsuite skipped="0" hostname="SAI10" name="postRegistrationRuleMailer.Welcome" tests="4" failures="0" timestamp="01 Sep 2017 11:17:22 GMT" time="297.189" errors="0">
  <testcase name="welcomeSilverSubscription" time="73.738" classname="postRegistrationRuleMailer.Welcome"/>
  <testcase name="welcomeGuldSubscription" time="60.794" classname="postRegistrationRuleMailer.Welcome"/>
  <testcase name="welcomeFamiljSubscription" time="66.565" classname="postRegistrationRuleMailer.Welcome"/>
  <testcase name="negativeFreeTrialRegistration" time="96.092" classname="postRegistrationRuleMailer.Welcome"/>
</testsuite> <!-- postRegistrationRuleMailer.Welcome -->
