<?xml version="1.0" encoding="UTF-8"?>
<!-- Generated by org.testng.reporters.JUnitReportReporter -->
<testsuite skipped="0" hostname="SAI10" name="postRegistrationRuleMailer.DownloadApp" tests="1" failures="0" timestamp="03 May 2017 06:09:19 GMT" time="1.295" errors="0">
  <testcase name="DownloadAppTC080301" time="1.295" classname="postRegistrationRuleMailer.DownloadApp"/>
</testsuite> <!-- postRegistrationRuleMailer.DownloadApp -->
