<?xml version="1.0" encoding="UTF-8"?>
<!-- Generated by org.testng.reporters.JUnitReportReporter -->
<testsuite skipped="3" hostname="SAI10" name="confirmationsRuleMailer.ForgotPassword" tests="3" failures="0" timestamp="16 Aug 2017 05:30:24 GMT" time="0.000" errors="0">
  <testcase name="forgotPasswordTC101001" time="0.000" classname="confirmationsRuleMailer.ForgotPassword">
    <skipped/>
  </testcase> <!-- forgotPasswordTC101001 -->
  <testcase name="forgotPasswordBlankEmail" time="0.000" classname="confirmationsRuleMailer.ForgotPassword">
    <skipped/>
  </testcase> <!-- forgotPasswordBlankEmail -->
  <testcase name="forgotPasswordWrongEmail" time="0.000" classname="confirmationsRuleMailer.ForgotPassword">
    <skipped/>
  </testcase> <!-- forgotPasswordWrongEmail -->
</testsuite> <!-- confirmationsRuleMailer.ForgotPassword -->
