<?xml version="1.0" encoding="UTF-8"?>
<!-- Generated by org.testng.reporters.JUnitReportReporter -->
<testsuite skipped="0" hostname="SAI10" name="postRegistrationRuleMailer.StartReading" tests="1" failures="0" timestamp="28 Apr 2017 07:37:00 GMT" time="5.116" errors="0">
  <testcase name="StartReadingTC080501" time="5.116" classname="postRegistrationRuleMailer.StartReading"/>
</testsuite> <!-- postRegistrationRuleMailer.StartReading -->
