<?xml version="1.0" encoding="UTF-8"?>
<!-- Generated by org.testng.reporters.JUnitReportReporter -->
<testsuite skipped="0" hostname="SAI10" name="PostRegistration.SurpriseDelight" tests="1" failures="0" timestamp="19 Apr 2017 09:25:28 GMT" time="45.477" errors="0">
  <testcase name="SurpriseDelightTC080201" time="45.477" classname="PostRegistration.SurpriseDelight"/>
</testsuite> <!-- PostRegistration.SurpriseDelight -->
