<?xml version="1.0" encoding="UTF-8"?>
<!-- Generated by org.testng.reporters.JUnitReportReporter -->
<testsuite skipped="0" hostname="SAI10" name="confirmationsRuleMailer.SubscriptionUpgrade" tests="3" failures="0" timestamp="01 Jun 2017 06:58:43 GMT" time="153.821" errors="0">
  <testcase name="selectingSameSubscriptionToUpgrade" time="46.929" classname="confirmationsRuleMailer.SubscriptionUpgrade"/>
  <testcase name="existingMemberSubscriptionUpgrade" time="45.345" classname="confirmationsRuleMailer.SubscriptionUpgrade"/>
  <testcase name="checkingCancelButtons" time="61.547" classname="confirmationsRuleMailer.SubscriptionUpgrade"/>
</testsuite> <!-- confirmationsRuleMailer.SubscriptionUpgrade -->
