<?xml version="1.0" encoding="UTF-8"?>
<!-- Generated by org.testng.reporters.JUnitReportReporter -->
<testsuite skipped="0" hostname="SAI10" name="Confirmations.SubscriptionDowngrade" tests="1" failures="0" timestamp="21 Apr 2017 12:14:47 GMT" time="17.414" errors="0">
  <testcase name="SubscriptionDowngradeTC100201" time="17.414" classname="Confirmations.SubscriptionDowngrade"/>
</testsuite> <!-- Confirmations.SubscriptionDowngrade -->
