<?xml version="1.0" encoding="UTF-8"?>
<!-- Generated by org.testng.reporters.JUnitReportReporter -->
<testsuite skipped="2" hostname="SAI10" name="confirmationsRuleMailer.ChurnFreeTrialCampaignMember" tests="2" failures="0" timestamp="16 Aug 2017 05:30:24 GMT" time="0.000" errors="0">
  <testcase name="churnFreeTrialCampaignMember" time="0.000" classname="confirmationsRuleMailer.ChurnFreeTrialCampaignMember">
    <skipped/>
  </testcase> <!-- churnFreeTrialCampaignMember -->
  <testcase name="churnFreeTrialCampaignMemberNoSelection" time="0.000" classname="confirmationsRuleMailer.ChurnFreeTrialCampaignMember">
    <skipped/>
  </testcase> <!-- churnFreeTrialCampaignMemberNoSelection -->
</testsuite> <!-- confirmationsRuleMailer.ChurnFreeTrialCampaignMember -->
