<?xml version="1.0" encoding="UTF-8"?>
<!-- Generated by org.testng.reporters.JUnitReportReporter -->
<testsuite skipped="0" hostname="SAI10" name="postRegistrationRuleMailer.Welcome" tests="3" failures="0" timestamp="30 May 2017 18:33:04 GMT" time="295.436" errors="0">
  <testcase name="welcomeBasSubscription" time="181.116" classname="postRegistrationRuleMailer.Welcome"/>
  <testcase name="welcomeStandardSubscription" time="61.123" classname="postRegistrationRuleMailer.Welcome"/>
  <testcase name="welcomePremiumSubscription" time="53.197" classname="postRegistrationRuleMailer.Welcome"/>
</testsuite> <!-- postRegistrationRuleMailer.Welcome -->
