<?xml version="1.0" encoding="UTF-8"?>
<!-- Generated by org.testng.reporters.JUnitReportReporter -->
<testsuite skipped="0" hostname="SAI10" name="confirmationsRuleMailer.SubscriptionDowngrade" tests="3" failures="0" timestamp="20 Jun 2017 08:14:55 GMT" time="380.988" errors="0">
  <testcase name="subscriptionDowngrade" time="84.104" classname="confirmationsRuleMailer.SubscriptionDowngrade"/>
  <testcase name="selectingSameSubscriptionToUpgrade" time="85.422" classname="confirmationsRuleMailer.SubscriptionDowngrade"/>
  <testcase name="checkingCancelButtons" time="211.462" classname="confirmationsRuleMailer.SubscriptionDowngrade"/>
</testsuite> <!-- confirmationsRuleMailer.SubscriptionDowngrade -->
