<?xml version="1.0" encoding="UTF-8"?>
<!-- Generated by org.testng.reporters.JUnitReportReporter -->
<testsuite skipped="3" hostname="SAI10" name="confirmationsRuleMailer.SubscriptionUpgrade" tests="3" failures="0" timestamp="16 Aug 2017 05:30:24 GMT" time="0.000" errors="0">
  <testcase name="existingMemberSubscriptionUpgrade" time="0.000" classname="confirmationsRuleMailer.SubscriptionUpgrade">
    <skipped/>
  </testcase> <!-- existingMemberSubscriptionUpgrade -->
  <testcase name="selectingSameSubscriptionToUpgrade" time="0.000" classname="confirmationsRuleMailer.SubscriptionUpgrade">
    <skipped/>
  </testcase> <!-- selectingSameSubscriptionToUpgrade -->
  <testcase name="checkingCancelButtons" time="0.000" classname="confirmationsRuleMailer.SubscriptionUpgrade">
    <skipped/>
  </testcase> <!-- checkingCancelButtons -->
</testsuite> <!-- confirmationsRuleMailer.SubscriptionUpgrade -->
