<?xml version="1.0" encoding="UTF-8"?>
<!-- Generated by org.testng.reporters.JUnitReportReporter -->
<testsuite skipped="0" hostname="SAI10" name="registrationFlows.RedeemGiftCards" tests="1" failures="0" timestamp="20 Jun 2017 09:11:50 GMT" time="101.142" errors="0">
  <testcase name="redeemGiftCardExistingUserNegative" time="101.142" classname="registrationFlows.RedeemGiftCards"/>
</testsuite> <!-- registrationFlows.RedeemGiftCards -->
