<?xml version="1.0" encoding="UTF-8"?>
<!-- Generated by org.testng.reporters.JUnitReportReporter -->
<testsuite skipped="5" hostname="SAI10" name="registrationFlows.RedeemFreeCampaignMember" tests="5" failures="0" timestamp="16 Aug 2017 05:30:23 GMT" time="0.000" errors="0">
  <testcase name="freeCampaignMemberNewUserBas" time="0.000" classname="registrationFlows.RedeemFreeCampaignMember">
    <skipped/>
  </testcase> <!-- freeCampaignMemberNewUserBas -->
  <testcase name="freeCampaignMemberNewUserStandard" time="0.000" classname="registrationFlows.RedeemFreeCampaignMember">
    <skipped/>
  </testcase> <!-- freeCampaignMemberNewUserStandard -->
  <testcase name="freeCampaignMemberNewUserPremium" time="0.000" classname="registrationFlows.RedeemFreeCampaignMember">
    <skipped/>
  </testcase> <!-- freeCampaignMemberNewUserPremium -->
  <testcase name="freeCampaignMemberExistingUser" time="0.000" classname="registrationFlows.RedeemFreeCampaignMember">
    <skipped/>
  </testcase> <!-- freeCampaignMemberExistingUser -->
  <testcase name="redeemCampaignInvalidInputs" classname="registrationFlows.RedeemFreeCampaignMember">
    <skipped/>
  </testcase> <!-- redeemCampaignInvalidInputs -->
</testsuite> <!-- registrationFlows.RedeemFreeCampaignMember -->
