<?xml version="1.0" encoding="UTF-8"?>
<!-- Generated by org.testng.reporters.JUnitReportReporter -->
<testsuite skipped="0" hostname="SAI10" name="confirmationsRuleMailer.ForgotPassword" tests="1" failures="0" timestamp="30 May 2017 18:33:04 GMT" time="18.012" errors="0">
  <testcase name="forgotPasswordTC101001" time="18.012" classname="confirmationsRuleMailer.ForgotPassword"/>
</testsuite> <!-- confirmationsRuleMailer.ForgotPassword -->
