<?xml version="1.0" encoding="UTF-8"?>
<!-- Generated by org.testng.reporters.JUnitReportReporter -->
<testsuite skipped="3" hostname="SAI10" name="confirmationsRuleMailer.ChurnPayingMember" tests="3" failures="0" timestamp="16 Aug 2017 05:30:23 GMT" time="0.000" errors="0">
  <testcase name="churnPayingMemberTC100601" time="0.000" classname="confirmationsRuleMailer.ChurnPayingMember">
    <skipped/>
  </testcase> <!-- churnPayingMemberTC100601 -->
  <testcase name="churnPayingMemberTC100602" time="0.000" classname="confirmationsRuleMailer.ChurnPayingMember">
    <skipped/>
  </testcase> <!-- churnPayingMemberTC100602 -->
  <testcase name="churnPayingMemberNoSelection" time="0.000" classname="confirmationsRuleMailer.ChurnPayingMember">
    <skipped/>
  </testcase> <!-- churnPayingMemberNoSelection -->
</testsuite> <!-- confirmationsRuleMailer.ChurnPayingMember -->
