<?xml version="1.0" encoding="UTF-8"?>
<!-- Generated by org.testng.reporters.JUnitReportReporter -->
<testsuite skipped="0" hostname="SAI10" name="PostRegistration.Welcome" tests="1" failures="0" timestamp="20 Apr 2017 12:37:17 GMT" time="71.853" errors="0">
  <testcase name="WelcomeTC080101" time="71.853" classname="PostRegistration.Welcome"/>
</testsuite> <!-- PostRegistration.Welcome -->
