<?xml version="1.0" encoding="UTF-8"?>
<!-- Generated by org.testng.reporters.JUnitReportReporter -->
<testsuite skipped="7" hostname="SAI10" name="registrationFlows.RedeemGiftCards" tests="7" failures="0" timestamp="16 Aug 2017 05:30:24 GMT" time="0.000" errors="0">
  <testcase name="redeemGiftCardBasNewUser" time="0.000" classname="registrationFlows.RedeemGiftCards">
    <skipped/>
  </testcase> <!-- redeemGiftCardBasNewUser -->
  <testcase name="redeemGiftCardStandardNewUser" time="0.000" classname="registrationFlows.RedeemGiftCards">
    <skipped/>
  </testcase> <!-- redeemGiftCardStandardNewUser -->
  <testcase name="redeemGiftCardPremiumNewUser" time="0.000" classname="registrationFlows.RedeemGiftCards">
    <skipped/>
  </testcase> <!-- redeemGiftCardPremiumNewUser -->
  <testcase name="redeemGiftCardExistingUserWithoutLogin" time="0.000" classname="registrationFlows.RedeemGiftCards">
    <skipped/>
  </testcase> <!-- redeemGiftCardExistingUserWithoutLogin -->
  <testcase name="redeemGiftCardExistingUserWithLogin" time="0.000" classname="registrationFlows.RedeemGiftCards">
    <skipped/>
  </testcase> <!-- redeemGiftCardExistingUserWithLogin -->
  <testcase name="redeemGiftCardNewUserNegative" time="0.000" classname="registrationFlows.RedeemGiftCards">
    <skipped/>
  </testcase> <!-- redeemGiftCardNewUserNegative -->
  <testcase name="redeemGiftCardExistingUserNegative" time="0.000" classname="registrationFlows.RedeemGiftCards">
    <skipped/>
  </testcase> <!-- redeemGiftCardExistingUserNegative -->
</testsuite> <!-- registrationFlows.RedeemGiftCards -->
